[debug] [2026-02-06T13:38:24.659Z] ----------------------------------------------------------------------
[debug] [2026-02-06T13:38:24.660Z] Command:       C:\Program Files\nodejs\node.exe C:\Program Files\nodejs\node_modules\firebase-tools\lib\bin\firebase.js init
[debug] [2026-02-06T13:38:24.661Z] CLI Version:   15.5.1
[debug] [2026-02-06T13:38:24.661Z] Platform:      win32
[debug] [2026-02-06T13:38:24.661Z] Node Version:  v20.19.2
[debug] [2026-02-06T13:38:24.661Z] Time:          Fri Feb 06 2026 16:38:24 GMT+0300 (Москва, стандартное время)
[debug] [2026-02-06T13:38:24.661Z] ----------------------------------------------------------------------
[debug] 
[info] 
     ######## #### ########  ######## ########     ###     ######  ########
     ##        ##  ##     ## ##       ##     ##  ##   ##  ##       ##
     ######    ##  ########  ######   ########  #########  ######  ######
     ##        ##  ##    ##  ##       ##     ## ##     ##       ## ##
     ##       #### ##     ## ######## ########  ##     ##  ######  ########

You're about to initialize a Firebase project in this directory:

  C:\Users\Core\Desktop\React Native\SaveItBot

[info] 
=== Project Setup
[info] 
[info] First, let's associate this project directory with a Firebase project.
[info] You can create multiple project aliases by running firebase use --add, 
[info] 
[debug] [2026-02-06T13:38:37.712Z] > command requires scopes: ["email","openid","https://www.googleapis.com/auth/cloudplatformprojects.readonly","https://www.googleapis.com/auth/firebase","https://www.googleapis.com/auth/cloud-platform"]
[debug] [2026-02-06T13:38:37.713Z] > authorizing via signed-in user (kontinentkm@gmail.com)
[debug] [2026-02-06T13:38:37.713Z] Checked if tokens are valid: false, expires at: 1770364794506
[debug] [2026-02-06T13:38:37.713Z] Checked if tokens are valid: false, expires at: 1770364794506
[debug] [2026-02-06T13:38:37.714Z] > refreshing access token with scopes: []
[debug] [2026-02-06T13:38:37.715Z] >>> [apiv2][query] POST https://www.googleapis.com/oauth2/v3/token [none]
[debug] [2026-02-06T13:38:37.715Z] >>> [apiv2][body] POST https://www.googleapis.com/oauth2/v3/token [omitted]
[debug] [2026-02-06T13:38:37.856Z] <<< [apiv2][status] POST https://www.googleapis.com/oauth2/v3/token 200
[debug] [2026-02-06T13:38:37.856Z] <<< [apiv2][body] POST https://www.googleapis.com/oauth2/v3/token [omitted]
[debug] [2026-02-06T13:38:37.871Z] >>> [apiv2][query] GET https://firebase.googleapis.com/v1beta1/projects/gosaveitbot [none]
[debug] [2026-02-06T13:38:38.227Z] <<< [apiv2][status] GET https://firebase.googleapis.com/v1beta1/projects/gosaveitbot 200
[debug] [2026-02-06T13:38:38.227Z] <<< [apiv2][body] GET https://firebase.googleapis.com/v1beta1/projects/gosaveitbot {"projectId":"gosaveitbot","projectNumber":"948779615678","displayName":"GoSaveItBot","name":"projects/gosaveitbot","resources":{"hostingSite":"gosaveitbot"},"state":"ACTIVE","etag":"1_22abc7b7-267c-4953-aaef-45a3776a446c"}
[info] i  Using project gosaveitbot (GoSaveItBot) . 
[info] 
=== Functions Setup
[debug] [2026-02-06T13:38:38.231Z] > command requires scopes: ["email","openid","https://www.googleapis.com/auth/cloudplatformprojects.readonly","https://www.googleapis.com/auth/firebase","https://www.googleapis.com/auth/cloud-platform"]
[debug] [2026-02-06T13:38:38.231Z] > authorizing via signed-in user (kontinentkm@gmail.com)
[debug] [2026-02-06T13:38:38.231Z] [iam] checking project gosaveitbot for permissions ["firebase.projects.get"]
[debug] [2026-02-06T13:38:38.232Z] Checked if tokens are valid: true, expires at: 1770388716856
[debug] [2026-02-06T13:38:38.232Z] Checked if tokens are valid: true, expires at: 1770388716856
[debug] [2026-02-06T13:38:38.232Z] >>> [apiv2][query] POST https://cloudresourcemanager.googleapis.com/v1/projects/gosaveitbot:testIamPermissions [none]
[debug] [2026-02-06T13:38:38.232Z] >>> [apiv2][(partial)header] POST https://cloudresourcemanager.googleapis.com/v1/projects/gosaveitbot:testIamPermissions  x-goog-user-project=gosaveitbot
[debug] [2026-02-06T13:38:38.232Z] >>> [apiv2][body] POST https://cloudresourcemanager.googleapis.com/v1/projects/gosaveitbot:testIamPermissions {"permissions":["firebase.projects.get"]}
[debug] [2026-02-06T13:38:39.045Z] <<< [apiv2][status] POST https://cloudresourcemanager.googleapis.com/v1/projects/gosaveitbot:testIamPermissions 200
[debug] [2026-02-06T13:38:39.045Z] <<< [apiv2][body] POST https://cloudresourcemanager.googleapis.com/v1/projects/gosaveitbot:testIamPermissions {"permissions":["firebase.projects.get"]}
[info] Let's create a new codebase for your functions.
[info] A directory corresponding to the codebase will be created in your project
[info] with sample code pre-configured.

[info] See https://firebase.google.com/docs/functions/organize-functions for
[info] more information on organizing your functions using codebases.

[info] Functions can be deployed with firebase deploy.

[info] i  Skipping write of functions/requirements.txt 
[info] i  functions/.gitignore is unchanged 
[info] i  Skipping write of functions/main.py 
[debug] [2026-02-06T13:38:51.955Z] Error: spawn python.exe ENOENT
    at notFoundError (C:\Users\Core\AppData\Roaming\nvm\v20.19.2\node_modules\firebase-tools\node_modules\cross-spawn\lib\enoent.js:6:26)
    at verifyENOENT (C:\Users\Core\AppData\Roaming\nvm\v20.19.2\node_modules\firebase-tools\node_modules\cross-spawn\lib\enoent.js:40:16)
    at cp.emit (C:\Users\Core\AppData\Roaming\nvm\v20.19.2\node_modules\firebase-tools\node_modules\cross-spawn\lib\enoent.js:27:25)
    at ChildProcess._handle.onexit (node:internal/child_process:293:12)
    at Process.callbackTrampoline (node:internal/async_hooks:130:17)
[error] 
[error] Error: An unexpected error has occurred.
[debug] [2026-02-06T13:41:12.703Z] ----------------------------------------------------------------------
[debug] [2026-02-06T13:41:12.705Z] Command:       C:\Program Files\nodejs\node.exe C:\Program Files\nodejs\node_modules\firebase-tools\lib\bin\firebase.js init
[debug] [2026-02-06T13:41:12.705Z] CLI Version:   15.5.1
[debug] [2026-02-06T13:41:12.706Z] Platform:      win32
[debug] [2026-02-06T13:41:12.706Z] Node Version:  v20.19.2
[debug] [2026-02-06T13:41:12.706Z] Time:          Fri Feb 06 2026 16:41:12 GMT+0300 (Москва, стандартное время)
[debug] [2026-02-06T13:41:12.706Z] ----------------------------------------------------------------------
[debug] 
[info] 
     ######## #### ########  ######## ########     ###     ######  ########
     ##        ##  ##     ## ##       ##     ##  ##   ##  ##       ##
     ######    ##  ########  ######   ########  #########  ######  ######
     ##        ##  ##    ##  ##       ##     ## ##     ##       ## ##
     ##       #### ##     ## ######## ########  ##     ##  ######  ########

You're about to initialize a Firebase project in this directory:

  C:\Users\Core\Desktop\React Native\SaveItBot

[info] 
=== Project Setup
[info] 
[info] First, let's associate this project directory with a Firebase project.
[info] You can create multiple project aliases by running firebase use --add, 
[info] 
[debug] [2026-02-06T13:41:20.791Z] > command requires scopes: ["email","openid","https://www.googleapis.com/auth/cloudplatformprojects.readonly","https://www.googleapis.com/auth/firebase","https://www.googleapis.com/auth/cloud-platform"]
[debug] [2026-02-06T13:41:20.791Z] > authorizing via signed-in user (kontinentkm@gmail.com)
[debug] [2026-02-06T13:41:20.793Z] Checked if tokens are valid: true, expires at: 1770388716856
[debug] [2026-02-06T13:41:20.793Z] Checked if tokens are valid: true, expires at: 1770388716856
[debug] [2026-02-06T13:41:20.794Z] >>> [apiv2][query] GET https://firebase.googleapis.com/v1beta1/projects/gosaveitbot [none]
[debug] [2026-02-06T13:41:21.140Z] <<< [apiv2][status] GET https://firebase.googleapis.com/v1beta1/projects/gosaveitbot 200
[debug] [2026-02-06T13:41:21.141Z] <<< [apiv2][body] GET https://firebase.googleapis.com/v1beta1/projects/gosaveitbot {"projectId":"gosaveitbot","projectNumber":"948779615678","displayName":"GoSaveItBot","name":"projects/gosaveitbot","resources":{"hostingSite":"gosaveitbot"},"state":"ACTIVE","etag":"1_22abc7b7-267c-4953-aaef-45a3776a446c"}
[info] i  Using project gosaveitbot (GoSaveItBot) . 
[info] 
=== Functions Setup
[debug] [2026-02-06T13:41:21.155Z] > command requires scopes: ["email","openid","https://www.googleapis.com/auth/cloudplatformprojects.readonly","https://www.googleapis.com/auth/firebase","https://www.googleapis.com/auth/cloud-platform"]
[debug] [2026-02-06T13:41:21.155Z] > authorizing via signed-in user (kontinentkm@gmail.com)
[debug] [2026-02-06T13:41:21.155Z] [iam] checking project gosaveitbot for permissions ["firebase.projects.get"]
[debug] [2026-02-06T13:41:21.155Z] Checked if tokens are valid: true, expires at: 1770388716856
[debug] [2026-02-06T13:41:21.155Z] Checked if tokens are valid: true, expires at: 1770388716856
[debug] [2026-02-06T13:41:21.155Z] >>> [apiv2][query] POST https://cloudresourcemanager.googleapis.com/v1/projects/gosaveitbot:testIamPermissions [none]
[debug] [2026-02-06T13:41:21.155Z] >>> [apiv2][(partial)header] POST https://cloudresourcemanager.googleapis.com/v1/projects/gosaveitbot:testIamPermissions  x-goog-user-project=gosaveitbot
[debug] [2026-02-06T13:41:21.155Z] >>> [apiv2][body] POST https://cloudresourcemanager.googleapis.com/v1/projects/gosaveitbot:testIamPermissions {"permissions":["firebase.projects.get"]}
[debug] [2026-02-06T13:41:21.903Z] <<< [apiv2][status] POST https://cloudresourcemanager.googleapis.com/v1/projects/gosaveitbot:testIamPermissions 200
[debug] [2026-02-06T13:41:21.904Z] <<< [apiv2][body] POST https://cloudresourcemanager.googleapis.com/v1/projects/gosaveitbot:testIamPermissions {"permissions":["firebase.projects.get"]}
[info] Let's create a new codebase for your functions.
[info] A directory corresponding to the codebase will be created in your project
[info] with sample code pre-configured.

[info] See https://firebase.google.com/docs/functions/organize-functions for
[info] more information on organizing your functions using codebases.

[info] Functions can be deployed with firebase deploy.

[info] +  Wrote functions/requirements.txt 
[info] i  functions/.gitignore is unchanged 
[info] i  Skipping write of functions/main.py 
[debug] [2026-02-06T13:41:52.312Z] Error: spawn python.exe ENOENT
    at notFoundError (C:\Users\Core\AppData\Roaming\nvm\v20.19.2\node_modules\firebase-tools\node_modules\cross-spawn\lib\enoent.js:6:26)
    at verifyENOENT (C:\Users\Core\AppData\Roaming\nvm\v20.19.2\node_modules\firebase-tools\node_modules\cross-spawn\lib\enoent.js:40:16)
    at cp.emit (C:\Users\Core\AppData\Roaming\nvm\v20.19.2\node_modules\firebase-tools\node_modules\cross-spawn\lib\enoent.js:27:25)
    at ChildProcess._handle.onexit (node:internal/child_process:293:12)
    at Process.callbackTrampoline (node:internal/async_hooks:130:17)
[error] 
[error] Error: An unexpected error has occurred.
